<?xml version="1.0" encoding="UTF-8"?>
<testng-results skipped="0" failed="0" total="1" passed="1">
  <reporter-output>
  </reporter-output>
  <suite name="Default suite" duration-ms="32379" started-at="2023-04-18T04:25:55Z" finished-at="2023-04-18T04:26:28Z">
    <groups>
    </groups>
    <test name="Default test" duration-ms="32379" started-at="2023-04-18T04:25:55Z" finished-at="2023-04-18T04:26:28Z">
      <class name="Tc_sel.Tc_0011">
        <test-method status="PASS" signature="Tc_001()[pri:0, instance:Tc_sel.Tc_0011@d7b1517]" name="Tc_001" duration-ms="32353" started-at="2023-04-18T09:55:56Z" finished-at="2023-04-18T09:56:28Z">
          <reporter-output>
          </reporter-output>
        </test-method> <!-- Tc_001 -->
      </class> <!-- Tc_sel.Tc_0011 -->
    </test> <!-- Default test -->
  </suite> <!-- Default suite -->
</testng-results>
